2023-01-17 20:32:00.070  INFO 29792 --- [main] site.day.blog.Blog23DayApplicationTests  : Starting Blog23DayApplicationTests using Java 1.8.0_322 on LAPTOP-JRQJIM5H with PID 29792 (started by lenovo in E:\code\blog_23DAY)
2023-01-17 20:32:00.072  INFO 29792 --- [main] site.day.blog.Blog23DayApplicationTests  : The following 1 profile is active: "dev"
2023-01-17 20:32:00.083  INFO 29792 --- [background-preinit] o.h.validator.internal.util.Version      : HV000001: Hibernate Validator 6.2.5.Final
2023-01-17 20:32:00.731  INFO 29792 --- [main] .s.d.r.c.RepositoryConfigurationDelegate : Multiple Spring Data modules found, entering strict repository configuration mode
2023-01-17 20:32:00.734  INFO 29792 --- [main] .s.d.r.c.RepositoryConfigurationDelegate : Bootstrapping Spring Data Elasticsearch repositories in DEFAULT mode.
2023-01-17 20:32:00.742  INFO 29792 --- [main] .s.d.r.c.RepositoryConfigurationDelegate : Finished Spring Data repository scanning in 4 ms. Found 0 Elasticsearch repository interfaces.
2023-01-17 20:32:00.744  INFO 29792 --- [main] .s.d.r.c.RepositoryConfigurationDelegate : Multiple Spring Data modules found, entering strict repository configuration mode
2023-01-17 20:32:00.745  INFO 29792 --- [main] .s.d.r.c.RepositoryConfigurationDelegate : Bootstrapping Spring Data Reactive Elasticsearch repositories in DEFAULT mode.
2023-01-17 20:32:00.746  INFO 29792 --- [main] .s.d.r.c.RepositoryConfigurationDelegate : Finished Spring Data repository scanning in 1 ms. Found 0 Reactive Elasticsearch repository interfaces.
2023-01-17 20:32:00.757  INFO 29792 --- [main] .s.d.r.c.RepositoryConfigurationDelegate : Multiple Spring Data modules found, entering strict repository configuration mode
2023-01-17 20:32:00.758  INFO 29792 --- [main] .s.d.r.c.RepositoryConfigurationDelegate : Bootstrapping Spring Data Redis repositories in DEFAULT mode.
2023-01-17 20:32:00.766  INFO 29792 --- [main] .s.d.r.c.RepositoryConfigurationDelegate : Finished Spring Data repository scanning in 1 ms. Found 0 Redis repository interfaces.
2023-01-17 20:32:00.904  WARN 29792 --- [main] o.m.s.mapper.ClassPathMapperScanner      : No MyBatis mapper was found in '[site.day.blog]' package. Please check your configuration.
2023-01-17 20:32:02.742  INFO 29792 --- [main] c.a.d.s.b.a.DruidDataSourceAutoConfigure : Init DruidDataSource
2023-01-17 20:32:03.058  INFO 29792 --- [main] com.alibaba.druid.pool.DruidDataSource   : {dataSource-1} inited
2023-01-17 20:32:06.011  WARN 29792 --- [main] .s.s.UserDetailsServiceAutoConfiguration : 

Using generated security password: a29f8e10-72a5-48ed-89a3-2dbbf82a3b4e

This generated password is for development use only. Your security configuration must be updated before running your application in production.

2023-01-17 20:32:06.188  INFO 29792 --- [main] o.s.s.web.DefaultSecurityFilterChain     : Will secure any request with [org.springframework.security.web.session.DisableEncodeUrlFilter@2dde0a34, org.springframework.security.web.context.request.async.WebAsyncManagerIntegrationFilter@61836cd9, org.springframework.security.web.context.SecurityContextPersistenceFilter@4cef0747, org.springframework.security.web.header.HeaderWriterFilter@4e1a3d5a, org.springframework.security.web.csrf.CsrfFilter@6dbb3d7d, org.springframework.security.web.authentication.logout.LogoutFilter@4d8f2cfd, org.springframework.security.web.authentication.UsernamePasswordAuthenticationFilter@30bbe83, org.springframework.security.web.authentication.ui.DefaultLoginPageGeneratingFilter@97beeaf, org.springframework.security.web.authentication.ui.DefaultLogoutPageGeneratingFilter@1b632442, org.springframework.security.web.authentication.www.BasicAuthenticationFilter@6a04d2a4, org.springframework.security.web.savedrequest.RequestCacheAwareFilter@113d0f75, org.springframework.security.web.servletapi.SecurityContextHolderAwareRequestFilter@773f3360, org.springframework.security.web.authentication.AnonymousAuthenticationFilter@7227926b, org.springframework.security.web.session.SessionManagementFilter@35f760a4, org.springframework.security.web.access.ExceptionTranslationFilter@6d6f6ca9, org.springframework.security.web.access.intercept.FilterSecurityInterceptor@1d2c253]
2023-01-17 20:32:07.816  INFO 29792 --- [main] s.a.ScheduledAnnotationBeanPostProcessor : No TaskScheduler/ScheduledExecutorService bean found for scheduled processing
2023-01-17 20:32:07.822  INFO 29792 --- [main] site.day.blog.Blog23DayApplicationTests  : Started Blog23DayApplicationTests in 8.185 seconds (JVM running for 9.32)
2023-01-17 20:32:08.143  INFO 29792 --- [SpringApplicationShutdownHook] com.alibaba.druid.pool.DruidDataSource   : {dataSource-1} closing ...
2023-01-17 20:32:08.148  INFO 29792 --- [SpringApplicationShutdownHook] com.alibaba.druid.pool.DruidDataSource   : {dataSource-1} closed
2023-01-17 20:34:56.896  INFO 9372 --- [main] site.day.blog.Blog23DayApplicationTests  : Starting Blog23DayApplicationTests using Java 1.8.0_322 on LAPTOP-JRQJIM5H with PID 9372 (started by lenovo in E:\code\blog_23DAY)
2023-01-17 20:34:56.897  INFO 9372 --- [main] site.day.blog.Blog23DayApplicationTests  : The following 1 profile is active: "dev"
2023-01-17 20:34:56.906  INFO 9372 --- [background-preinit] o.h.validator.internal.util.Version      : HV000001: Hibernate Validator 6.2.5.Final
2023-01-17 20:34:57.462  INFO 9372 --- [main] .s.d.r.c.RepositoryConfigurationDelegate : Multiple Spring Data modules found, entering strict repository configuration mode
2023-01-17 20:34:57.464  INFO 9372 --- [main] .s.d.r.c.RepositoryConfigurationDelegate : Bootstrapping Spring Data Elasticsearch repositories in DEFAULT mode.
2023-01-17 20:34:57.472  INFO 9372 --- [main] .s.d.r.c.RepositoryConfigurationDelegate : Finished Spring Data repository scanning in 3 ms. Found 0 Elasticsearch repository interfaces.
2023-01-17 20:34:57.474  INFO 9372 --- [main] .s.d.r.c.RepositoryConfigurationDelegate : Multiple Spring Data modules found, entering strict repository configuration mode
2023-01-17 20:34:57.475  INFO 9372 --- [main] .s.d.r.c.RepositoryConfigurationDelegate : Bootstrapping Spring Data Reactive Elasticsearch repositories in DEFAULT mode.
2023-01-17 20:34:57.476  INFO 9372 --- [main] .s.d.r.c.RepositoryConfigurationDelegate : Finished Spring Data repository scanning in 1 ms. Found 0 Reactive Elasticsearch repository interfaces.
2023-01-17 20:34:57.486  INFO 9372 --- [main] .s.d.r.c.RepositoryConfigurationDelegate : Multiple Spring Data modules found, entering strict repository configuration mode
2023-01-17 20:34:57.487  INFO 9372 --- [main] .s.d.r.c.RepositoryConfigurationDelegate : Bootstrapping Spring Data Redis repositories in DEFAULT mode.
2023-01-17 20:34:57.493  INFO 9372 --- [main] .s.d.r.c.RepositoryConfigurationDelegate : Finished Spring Data repository scanning in 1 ms. Found 0 Redis repository interfaces.
2023-01-17 20:34:57.613  WARN 9372 --- [main] o.m.s.mapper.ClassPathMapperScanner      : No MyBatis mapper was found in '[site.day.blog]' package. Please check your configuration.
2023-01-17 20:34:58.664  INFO 9372 --- [main] c.a.d.s.b.a.DruidDataSourceAutoConfigure : Init DruidDataSource
2023-01-17 20:34:58.991  INFO 9372 --- [main] com.alibaba.druid.pool.DruidDataSource   : {dataSource-1} inited
2023-01-17 20:35:02.035  WARN 9372 --- [main] .s.s.UserDetailsServiceAutoConfiguration : 

Using generated security password: 2a0499c3-adf6-4993-ac19-46e18360af9c

This generated password is for development use only. Your security configuration must be updated before running your application in production.

2023-01-17 20:35:02.198  INFO 9372 --- [main] o.s.s.web.DefaultSecurityFilterChain     : Will secure any request with [org.springframework.security.web.session.DisableEncodeUrlFilter@2b3b1124, org.springframework.security.web.context.request.async.WebAsyncManagerIntegrationFilter@54286339, org.springframework.security.web.context.SecurityContextPersistenceFilter@1b98355f, org.springframework.security.web.header.HeaderWriterFilter@4e756867, org.springframework.security.web.csrf.CsrfFilter@44485db, org.springframework.security.web.authentication.logout.LogoutFilter@26a33cf, org.springframework.security.web.authentication.UsernamePasswordAuthenticationFilter@45b27ad3, org.springframework.security.web.authentication.ui.DefaultLoginPageGeneratingFilter@47b961e2, org.springframework.security.web.authentication.ui.DefaultLogoutPageGeneratingFilter@507f47f9, org.springframework.security.web.authentication.www.BasicAuthenticationFilter@43778371, org.springframework.security.web.savedrequest.RequestCacheAwareFilter@f5ae29e, org.springframework.security.web.servletapi.SecurityContextHolderAwareRequestFilter@45ad3cd8, org.springframework.security.web.authentication.AnonymousAuthenticationFilter@6785df10, org.springframework.security.web.session.SessionManagementFilter@1c31de5d, org.springframework.security.web.access.ExceptionTranslationFilter@62360a68, org.springframework.security.web.access.intercept.FilterSecurityInterceptor@19e801b5]
2023-01-17 20:35:03.868  INFO 9372 --- [main] s.a.ScheduledAnnotationBeanPostProcessor : No TaskScheduler/ScheduledExecutorService bean found for scheduled processing
2023-01-17 20:35:03.875  INFO 9372 --- [main] site.day.blog.Blog23DayApplicationTests  : Started Blog23DayApplicationTests in 7.32 seconds (JVM running for 8.379)
2023-01-17 20:35:04.558  INFO 9372 --- [SpringApplicationShutdownHook] com.alibaba.druid.pool.DruidDataSource   : {dataSource-1} closing ...
2023-01-17 20:35:04.559  INFO 9372 --- [SpringApplicationShutdownHook] com.alibaba.druid.pool.DruidDataSource   : {dataSource-1} closed
